<?xml version="1.0" encoding="UTF-8"?>
<!-- Generated by org.testng.reporters.JUnitXMLReporter -->
<testsuite hostname="Soumyansh-PC" name="Run Cukes" tests="2" failures="0" timestamp="15 Jul 2018 11:41:50 GMT" time="0.857" errors="0">
  <testcase name="@BeforeClass writeExtentReport" time="0.0" classname="runner.Runner">
    <failure type="java.lang.NullPointerException">
      <![CDATA[java.lang.NullPointerException
	at com.cucumber.listener.Reporter.loadXMLConfig(Reporter.java:56)
	at runner.Runner.writeExtentReport(Runner.java:25)
... Removed 24 stack frames]]>
    </failure>
  </testcase> <!-- @BeforeClass writeExtentReport -->
  <testcase name="feature" time="0.0" classname="runner.Runner">
    <skipped/>
  </testcase> <!-- feature -->
  <testcase name="feature" time="0.0" classname="runner.Runner">
    <skipped/>
  </testcase> <!-- feature -->
</testsuite> <!-- Run Cukes -->
