<?xml version="1.0" encoding="UTF-8"?>
<testsuite name="TestSuite" time="49.953" tests="2" errors="0" skipped="0" failures="1">
  <properties>
[...]
</properties>
  <testcase name="feature" classname="runner.Runner" time="49.953"/>
  <testcase name="feature" classname="runner.Runner" time="40.152">
    <failure message="java.lang.AssertionError: expected [true] but found [false]" type="cucumber.runtime.CucumberException">cucumber.runtime.CucumberException: java.lang.AssertionError: expected [true] but found [false]
	at cucumber.api.testng.TestNGCucumberRunner.runCucumber(TestNGCucumberRunner.java:69)
	at cucumber.api.testng.AbstractTestNGCucumberTests.feature(AbstractTestNGCucumberTests.java:21)
	at sun.reflect.NativeMethodAccessorImpl.invoke0(Native Method)
	at sun.reflect.NativeMethodAccessorImpl.invoke(NativeMethodAccessorImpl.java:62)
	at sun.reflect.DelegatingMethodAccessorImpl.invoke(DelegatingMethodAccessorImpl.java:43)
	at java.lang.reflect.Method.invoke(Method.java:498)
	at org.testng.internal.MethodInvocationHelper.invokeMethod(MethodInvocationHelper.java:124)
	at org.testng.internal.Invoker.invokeMethod(Invoker.java:571)
	at org.testng.internal.Invoker.invokeTestMethod(Invoker.java:707)
	at org.testng.internal.Invoker.invokeTestMethods(Invoker.java:979)
	at org.testng.internal.TestMethodWorker.invokeTestMethods(TestMethodWorker.java:125)
	at org.testng.internal.TestMethodWorker.run(TestMethodWorker.java:109)
	at org.testng.TestRunner.privateRun(TestRunner.java:648)
	at org.testng.TestRunner.run(TestRunner.java:505)
	at org.testng.SuiteRunner.runTest(SuiteRunner.java:455)
	at org.testng.SuiteRunner.runSequentially(SuiteRunner.java:450)
	at org.testng.SuiteRunner.privateRun(SuiteRunner.java:415)
	at org.testng.SuiteRunner.run(SuiteRunner.java:364)
	at org.testng.SuiteRunnerWorker.runSuite(SuiteRunnerWorker.java:52)
	at org.testng.SuiteRunnerWorker.run(SuiteRunnerWorker.java:84)
	at org.testng.TestNG.runSuitesSequentially(TestNG.java:1187)
	at org.testng.TestNG.runSuitesLocally(TestNG.java:1116)
	at org.testng.TestNG.runSuites(TestNG.java:1028)
	at org.testng.TestNG.run(TestNG.java:996)
	at org.apache.maven.surefire.testng.TestNGExecutor.run(TestNGExecutor.java:295)
	at org.apache.maven.surefire.testng.TestNGXmlTestSuite.execute(TestNGXmlTestSuite.java:84)
	at org.apache.maven.surefire.testng.TestNGProvider.invoke(TestNGProvider.java:90)
	at org.apache.maven.surefire.booter.ForkedBooter.invokeProviderInSameClassLoader(ForkedBooter.java:203)
	at org.apache.maven.surefire.booter.ForkedBooter.runSuitesInProcess(ForkedBooter.java:155)
	at org.apache.maven.surefire.booter.ForkedBooter.main(ForkedBooter.java:103)
Caused by: java.lang.AssertionError: expected [true] but found [false]
	at org.testng.Assert.fail(Assert.java:96)
	at org.testng.Assert.failNotEquals(Assert.java:776)
	at org.testng.Assert.assertTrue(Assert.java:44)
	at org.testng.Assert.assertTrue(Assert.java:54)
	at steps.UsedCarSearchSteps.i_should_see_list_of_used_searched_cars(UsedCarSearchSteps.java:23)
	at ✽.Then i should see list of used searched cars(UsedCarSearch.feature:19)
</failure>
    <system-out><![CDATA[@UsedCarSearch
Feature: Validation of Used car search page
  In order to validate car search as a buyer
  I navigate to http://www.carguide.com.au
Menu clicked is Cars For Sale
List of used cars displayed
java.lang.AssertionError: expected [true] but found [false]
	at org.testng.Assert.fail(Assert.java:96)
	at org.testng.Assert.failNotEquals(Assert.java:776)
	at org.testng.Assert.assertTrue(Assert.java:44)
	at org.testng.Assert.assertTrue(Assert.java:54)
	at steps.UsedCarSearchSteps.i_should_see_list_of_used_searched_cars(UsedCarSearchSteps.java:23)
	at ?.Then i should see list of used searched cars(UsedCarSearch.feature:19)


  @UsedSearchCarPositive
  Scenario: Validate Used search cars page                                      # UsedCarSearch.feature:7
    Given i am on the home page of carsguide website                            # CarSearchSteps.i_am_on_the_home_page_of_carsguide_website()
    When i move to the menu                                                     # CarSearchSteps.i_move_to_the_menu(String>)
    Then i click on Used Cars Search link                                       # UsedCarSearchSteps.i_click_on_Used_Cars_Search_link()
    And i select Make as "BMW"                                                  # CarSearchSteps.i_select_Make_as(String)
    And i select model as "1 SERIES"                                            # CarSearchSteps.i_select_model_as(String)
    And i select location as "Australia"                                        # CarSearchSteps.i_select_location_as(String)
    And i click on Find my next car button                                      # CarSearchSteps.i_click_on_Find_my_next_car_button()
    Then i should see list of used searched cars                                # UsedCarSearchSteps.i_should_see_list_of_used_searched_cars()
      java.lang.AssertionError: expected [true] but found [false]
      	at org.testng.Assert.fail(Assert.java:96)
      	at org.testng.Assert.failNotEquals(Assert.java:776)
      	at org.testng.Assert.assertTrue(Assert.java:44)
      	at org.testng.Assert.assertTrue(Assert.java:54)
      	at steps.UsedCarSearchSteps.i_should_see_list_of_used_searched_cars(UsedCarSearchSteps.java:23)
      	at ?.Then i should see list of used searched cars(UsedCarSearch.feature:19)

    And the page title should match as "Used Bmw 1 Series for Sale | carsguide" # CarSearchSteps.the_page_title_should_match_as(String)
]]></system-out>
    <system-err><![CDATA[1531658228158	geckodriver	INFO	Listening on 127.0.0.1:20173
1531658228635	geckodriver::marionette	INFO	Starting browser C:\Program Files\Mozilla Firefox\firefox.exe with args ["-marionette"]
1531658235217	Marionette	INFO	Listening on port 55804
1531658235990	Marionette	WARN	TLS certificate errors will be ignored for this session
Jul 15, 2018 6:07:16 PM org.openqa.selenium.remote.ProtocolHandshake createSession
INFO: Detected dialect: W3C
JavaScript error: , line 0: TypeError: NetworkError when attempting to fetch resource.
JavaScript error: , line 0: TypeError: NetworkError when attempting to fetch resource.
1531658267427	Marionette	INFO	New connections will no longer be accepted
]]></system-err>
  </testcase>
</testsuite>