<?xml version="1.0" encoding="UTF-8"?>
<testng-results skipped="0" failed="0" ignored="0" total="2" passed="2">
  <reporter-output>
  </reporter-output>
  <suite name="Suite" duration-ms="76018" started-at="2018-07-15T09:30:02Z" finished-at="2018-07-15T09:31:18Z">
    <groups>
      <group name="cucumber">
        <method signature="AbstractTestNGCucumberTests.feature(cucumber.api.testng.CucumberFeatureWrapper)[pri:0, instance:runner.Runner@1b52d12]" name="feature" class="cucumber.api.testng.AbstractTestNGCucumberTests"/>
      </group> <!-- cucumber -->
    </groups>
    <test name="Run Cukes" duration-ms="76018" started-at="2018-07-15T09:30:02Z" finished-at="2018-07-15T09:31:18Z">
      <class name="runner.Runner">
        <test-method status="PASS" signature="setUpClass()[pri:0, instance:runner.Runner@1b52d12]" name="setUpClass" is-config="true" duration-ms="359" started-at="2018-07-15T15:00:02Z" finished-at="2018-07-15T15:00:02Z">
          <reporter-output>
          </reporter-output>
        </test-method> <!-- setUpClass -->
        <test-method status="PASS" signature="setup()[pri:0, instance:runner.Runner@1b52d12]" name="setup" is-config="true" duration-ms="172" started-at="2018-07-15T15:00:02Z" finished-at="2018-07-15T15:00:02Z">
          <reporter-output>
          </reporter-output>
        </test-method> <!-- setup -->
        <test-method status="PASS" signature="feature(cucumber.api.testng.CucumberFeatureWrapper)[pri:0, instance:runner.Runner@1b52d12]" name="feature" duration-ms="39574" started-at="2018-07-15T15:00:03Z" description="Runs Cucumber Feature" data-provider="features" finished-at="2018-07-15T15:00:42Z">
          <params>
            <param index="0">
              <value>
                <![CDATA[Validation of car search page]]>
              </value>
            </param>
          </params>
          <reporter-output>
          </reporter-output>
        </test-method> <!-- feature -->
        <test-method status="PASS" signature="feature(cucumber.api.testng.CucumberFeatureWrapper)[pri:0, instance:runner.Runner@1b52d12]" name="feature" duration-ms="35712" started-at="2018-07-15T15:00:42Z" description="Runs Cucumber Feature" data-provider="features" finished-at="2018-07-15T15:01:18Z">
          <params>
            <param index="0">
              <value>
                <![CDATA[Validation of Used car search page]]>
              </value>
            </param>
          </params>
          <reporter-output>
          </reporter-output>
        </test-method> <!-- feature -->
        <test-method status="PASS" signature="tearDownClass()[pri:0, instance:runner.Runner@1b52d12]" name="tearDownClass" is-config="true" duration-ms="62" started-at="2018-07-15T15:01:18Z" finished-at="2018-07-15T15:01:18Z">
          <reporter-output>
          </reporter-output>
        </test-method> <!-- tearDownClass -->
      </class> <!-- runner.Runner -->
    </test> <!-- Run Cukes -->
  </suite> <!-- Suite -->
</testng-results>
